# JRE version: Java(TM) SE Runtime Environment (7.0_80-b15) (build 1.7.0_80-b15)
# Java VM: Java HotSpot(TM) 64-Bit Server VM (24.80-b11 mixed mode windows-amd64 compressed oops)
Heap
 PSYoungGen      total 403456K, used 195103K [0x00000007c0680000, 0x00000007d9c80000, 0x0000000800000000)
  eden space 392192K, 47% used [0x00000007c0680000,0x00000007cbd33dc0,0x00000007d8580000)
  from space 11264K, 71% used [0x00000007d8580000,0x00000007d8d54028,0x00000007d9080000)
  to   space 10240K, 0% used [0x00000007d9080000,0x00000007d9080000,0x00000007d9a80000)
 ParOldGen       total 130048K, used 3520K [0x0000000741400000, 0x0000000749300000, 0x00000007c0680000)
  object space 130048K, 2% used [0x0000000741400000,0x0000000741770100,0x0000000749300000)
 PSPermGen       total 21504K, used 21310K [0x000000073c200000, 0x000000073d700000, 0x0000000741400000)
  object space 21504K, 99% used [0x000000073c200000,0x000000073d6cfb88,0x000000073d700000)
GC Heap History (10 events):
Event: 2.039 GC heap before
{Heap before GC invocations=3 (full 0):
 PSYoungGen      total 106496K, used 101550K [0x00000007c0680000, 0x00000007c7680000, 0x0000000800000000)
  eden space 98304K, 100% used [0x00000007c0680000,0x00000007c6680000,0x00000007c6680000)
  from space 8192K, 39% used [0x00000007c6e80000,0x00000007c71abbc0,0x00000007c7680000)
  to   space 8192K, 0% used [0x00000007c6680000,0x00000007c6680000,0x00000007c6e80000)
 ParOldGen       total 130048K, used 8K [0x0000000741400000, 0x0000000749300000, 0x00000007c0680000)
  object space 130048K, 0% used [0x0000000741400000,0x0000000741402000,0x0000000749300000)
 PSPermGen       total 21504K, used 11210K [0x000000073c200000, 0x000000073d700000, 0x0000000741400000)
  object space 21504K, 52% used [0x000000073c200000,0x000000073ccf2b68,0x000000073d700000)
Event: 2.074 GC heap after
Heap after GC invocations=3 (full 0):
 PSYoungGen      total 106496K, used 3675K [0x00000007c0680000, 0x00000007cd680000, 0x0000000800000000)
  eden space 98304K, 0% used [0x00000007c0680000,0x00000007c0680000,0x00000007c6680000)
  from space 8192K, 44% used [0x00000007c6680000,0x00000007c6a16d40,0x00000007c6e80000)
  to   space 8192K, 0% used [0x00000007cce80000,0x00000007cce80000,0x00000007cd680000)
 ParOldGen       total 130048K, used 80K [0x0000000741400000, 0x0000000749300000, 0x00000007c0680000)
  object space 130048K, 0% used [0x0000000741400000,0x0000000741414010,0x0000000749300000)
 PSPermGen       total 21504K, used 11210K [0x000000073c200000, 0x000000073d700000, 0x0000000741400000)
  object space 21504K, 52% used [0x000000073c200000,0x000000073ccf2b68,0x000000073d700000)
}
Event: 3.396 GC heap before
{Heap before GC invocations=4 (full 0):
 PSYoungGen      total 106496K, used 101979K [0x00000007c0680000, 0x00000007cd680000, 0x0000000800000000)
  eden space 98304K, 100% used [0x00000007c0680000,0x00000007c6680000,0x00000007c6680000)
  from space 8192K, 44% used [0x00000007c6680000,0x00000007c6a16d40,0x00000007c6e80000)
  to   space 8192K, 0% used [0x00000007cce80000,0x00000007cce80000,0x00000007cd680000)
 ParOldGen       total 130048K, used 80K [0x0000000741400000, 0x0000000749300000, 0x00000007c0680000)
  object space 130048K, 0% used [0x0000000741400000,0x0000000741414010,0x0000000749300000)
 PSPermGen       total 21504K, used 11928K [0x000000073c200000, 0x000000073d700000, 0x0000000741400000)
  object space 21504K, 55% used [0x000000073c200000,0x000000073cda6330,0x000000073d700000)
Event: 3.419 GC heap after
Heap after GC invocations=4 (full 0):
 PSYoungGen      total 204800K, used 7454K [0x00000007c0680000, 0x00000007cd680000, 0x0000000800000000)
  eden space 196608K, 0% used [0x00000007c0680000,0x00000007c0680000,0x00000007cc680000)
  from space 8192K, 90% used [0x00000007cce80000,0x00000007cd5c7918,0x00000007cd680000)
  to   space 8192K, 0% used [0x00000007cc680000,0x00000007cc680000,0x00000007cce80000)
 ParOldGen       total 130048K, used 88K [0x0000000741400000, 0x0000000749300000, 0x00000007c0680000)
  object space 130048K, 0% used [0x0000000741400000,0x0000000741416010,0x0000000749300000)
 PSPermGen       total 21504K, used 11928K [0x000000073c200000, 0x000000073d700000, 0x0000000741400000)
  object space 21504K, 55% used [0x000000073c200000,0x000000073cda6330,0x000000073d700000)
}
Event: 4.660 GC heap before
{Heap before GC invocations=5 (full 0):
 PSYoungGen      total 204800K, used 204062K [0x00000007c0680000, 0x00000007cd680000, 0x0000000800000000)
  eden space 196608K, 100% used [0x00000007c0680000,0x00000007cc680000,0x00000007cc680000)
  from space 8192K, 90% used [0x00000007cce80000,0x00000007cd5c7918,0x00000007cd680000)
  to   space 8192K, 0% used [0x00000007cc680000,0x00000007cc680000,0x00000007cce80000)
 ParOldGen       total 130048K, used 88K [0x0000000741400000, 0x0000000749300000, 0x00000007c0680000)
  object space 130048K, 0% used [0x0000000741400000,0x0000000741416010,0x0000000749300000)
 PSPermGen       total 21504K, used 12541K [0x000000073c200000, 0x000000073d700000, 0x0000000741400000)
  object space 21504K, 58% used [0x000000073c200000,0x000000073ce3f690,0x000000073d700000)
Event: 4.681 GC heap after
Heap after GC invocations=5 (full 0):
 PSYoungGen      total 204800K, used 8161K [0x00000007c0680000, 0x00000007d9a80000, 0x0000000800000000)
  eden space 196608K, 0% used [0x00000007c0680000,0x00000007c0680000,0x00000007cc680000)
  from space 8192K, 99% used [0x00000007cc680000,0x00000007cce785f8,0x00000007cce80000)
  to   space 10240K, 0% used [0x00000007d9080000,0x00000007d9080000,0x00000007d9a80000)
 ParOldGen       total 130048K, used 1527K [0x0000000741400000, 0x0000000749300000, 0x00000007c0680000)
  object space 130048K, 1% used [0x0000000741400000,0x000000074157df58,0x0000000749300000)
 PSPermGen       total 21504K, used 12541K [0x000000073c200000, 0x000000073d700000, 0x0000000741400000)
  object space 21504K, 58% used [0x000000073c200000,0x000000073ce3f690,0x000000073d700000)
}
Event: 5.714 GC heap before
{Heap before GC invocations=6 (full 0):
 PSYoungGen      total 204800K, used 204769K [0x00000007c0680000, 0x00000007d9a80000, 0x0000000800000000)
  eden space 196608K, 100% used [0x00000007c0680000,0x00000007cc680000,0x00000007cc680000)
  from space 8192K, 99% used [0x00000007cc680000,0x00000007cce785f8,0x00000007cce80000)
  to   space 10240K, 0% used [0x00000007d9080000,0x00000007d9080000,0x00000007d9a80000)
 ParOldGen       total 130048K, used 1527K [0x0000000741400000, 0x0000000749300000, 0x00000007c0680000)
  object space 130048K, 1% used [0x0000000741400000,0x000000074157df58,0x0000000749300000)
 PSPermGen       total 21504K, used 14932K [0x000000073c200000, 0x000000073d700000, 0x0000000741400000)
  object space 21504K, 69% used [0x000000073c200000,0x000000073d095040,0x000000073d700000)
Event: 5.728 GC heap after
Heap after GC invocations=6 (full 0):
 PSYoungGen      total 402432K, used 8301K [0x00000007c0680000, 0x00000007d9c80000, 0x0000000800000000)
  eden space 392192K, 0% used [0x00000007c0680000,0x00000007c0680000,0x00000007d8580000)
  from space 10240K, 81% used [0x00000007d9080000,0x00000007d989b788,0x00000007d9a80000)
  to   space 11264K, 0% used [0x00000007d8580000,0x00000007d8580000,0x00000007d9080000)
 ParOldGen       total 130048K, used 1535K [0x0000000741400000, 0x0000000749300000, 0x00000007c0680000)
  object space 130048K, 1% used [0x0000000741400000,0x000000074157ff58,0x0000000749300000)
 PSPermGen       total 21504K, used 14932K [0x000000073c200000, 0x000000073d700000, 0x0000000741400000)
  object space 21504K, 69% used [0x000000073c200000,0x000000073d095040,0x000000073d700000)
}
Event: 7.137 GC heap before
{Heap before GC invocations=7 (full 0):
 PSYoungGen      total 402432K, used 400493K [0x00000007c0680000, 0x00000007d9c80000, 0x0000000800000000)
  eden space 392192K, 100% used [0x00000007c0680000,0x00000007d8580000,0x00000007d8580000)
  from space 10240K, 81% used [0x00000007d9080000,0x00000007d989b788,0x00000007d9a80000)
  to   space 11264K, 0% used [0x00000007d8580000,0x00000007d8580000,0x00000007d9080000)
 ParOldGen       total 130048K, used 1535K [0x0000000741400000, 0x0000000749300000, 0x00000007c0680000)
  object space 130048K, 1% used [0x0000000741400000,0x000000074157ff58,0x0000000749300000)
 PSPermGen       total 21504K, used 16864K [0x000000073c200000, 0x000000073d700000, 0x0000000741400000)
  object space 21504K, 78% used [0x000000073c200000,0x000000073d278220,0x000000073d700000)
Event: 7.151 GC heap after
Heap after GC invocations=7 (full 0):
 PSYoungGen      total 403456K, used 8016K [0x00000007c0680000, 0x00000007d9c80000, 0x0000000800000000)
  eden space 392192K, 0% used [0x00000007c0680000,0x00000007c0680000,0x00000007d8580000)
  from space 11264K, 71% used [0x00000007d8580000,0x00000007d8d54028,0x00000007d9080000)
  to   space 10240K, 0% used [0x00000007d9080000,0x00000007d9080000,0x00000007d9a80000)
 ParOldGen       total 130048K, used 3520K [0x0000000741400000, 0x0000000749300000, 0x00000007c0680000)
  object space 130048K, 2% used [0x0000000741400000,0x0000000741770100,0x0000000749300000)
 PSPermGen       total 21504K, used 16864K [0x000000073c200000, 0x000000073d700000, 0x0000000741400000)
  object space 21504K, 78% used [0x000000073c200000,0x000000073d278220,0x000000073d700000)
}

