# JRE version: Java(TM) SE Runtime Environment (7.0_80-b15) (build 1.7.0_80-b15)
# Java VM: Java HotSpot(TM) 64-Bit Server VM (24.80-b11 mixed mode windows-amd64 compressed oops)
Heap
 PSYoungGen      total 400896K, used 284129K [0x00000007c0680000, 0x00000007d9980000, 0x0000000800000000)
  eden space 392192K, 70% used [0x00000007c0680000,0x00000007d15ec480,0x00000007d8580000)
  from space 8704K, 71% used [0x00000007d8f00000,0x00000007d950c020,0x00000007d9780000)
  to   space 9728K, 0% used [0x00000007d8580000,0x00000007d8580000,0x00000007d8f00000)
 ParOldGen       total 130048K, used 67549K [0x0000000741400000, 0x0000000749300000, 0x00000007c0680000)
  object space 130048K, 51% used [0x0000000741400000,0x00000007455f7660,0x0000000749300000)
 PSPermGen       total 58368K, used 57955K [0x000000073c200000, 0x000000073fb00000, 0x0000000741400000)
  object space 58368K, 99% used [0x000000073c200000,0x000000073fa98e40,0x000000073fb00000)
GC Heap History (10 events):
Event: 10.267 GC heap before
{Heap before GC invocations=8 (full 0):
 PSYoungGen      total 401920K, used 401900K [0x00000007c0680000, 0x00000007d9980000, 0x0000000800000000)
  eden space 392192K, 100% used [0x00000007c0680000,0x00000007d8580000,0x00000007d8580000)
  from space 9728K, 99% used [0x00000007d8580000,0x00000007d8efb318,0x00000007d8f00000)
  to   space 8704K, 0% used [0x00000007d8f00000,0x00000007d8f00000,0x00000007d9780000)
 ParOldGen       total 130048K, used 7809K [0x0000000741400000, 0x0000000749300000, 0x00000007c0680000)
  object space 130048K, 6% used [0x0000000741400000,0x0000000741ba0478,0x0000000749300000)
 PSPermGen       total 32256K, used 32222K [0x000000073c200000, 0x000000073e180000, 0x0000000741400000)
  object space 32256K, 99% used [0x000000073c200000,0x000000073e177a70,0x000000073e180000)
Event: 10.320 GC heap after
Heap after GC invocations=8 (full 0):
 PSYoungGen      total 400896K, used 8684K [0x00000007c0680000, 0x00000007d9980000, 0x0000000800000000)
  eden space 392192K, 0% used [0x00000007c0680000,0x00000007c0680000,0x00000007d8580000)
  from space 8704K, 99% used [0x00000007d8f00000,0x00000007d977b2f8,0x00000007d9780000)
  to   space 9728K, 0% used [0x00000007d8580000,0x00000007d8580000,0x00000007d8f00000)
 ParOldGen       total 130048K, used 22655K [0x0000000741400000, 0x0000000749300000, 0x00000007c0680000)
  object space 130048K, 17% used [0x0000000741400000,0x0000000742a1fe78,0x0000000749300000)
 PSPermGen       total 32256K, used 32222K [0x000000073c200000, 0x000000073e180000, 0x0000000741400000)
  object space 32256K, 99% used [0x000000073c200000,0x000000073e177a70,0x000000073e180000)
}
Event: 11.939 GC heap before
{Heap before GC invocations=9 (full 0):
 PSYoungGen      total 400896K, used 400876K [0x00000007c0680000, 0x00000007d9980000, 0x0000000800000000)
  eden space 392192K, 100% used [0x00000007c0680000,0x00000007d8580000,0x00000007d8580000)
  from space 8704K, 99% used [0x00000007d8f00000,0x00000007d977b2f8,0x00000007d9780000)
  to   space 9728K, 0% used [0x00000007d8580000,0x00000007d8580000,0x00000007d8f00000)
 ParOldGen       total 130048K, used 22655K [0x0000000741400000, 0x0000000749300000, 0x00000007c0680000)
  object space 130048K, 17% used [0x0000000741400000,0x0000000742a1fe78,0x0000000749300000)
 PSPermGen       total 33792K, used 33736K [0x000000073c200000, 0x000000073e300000, 0x0000000741400000)
  object space 33792K, 99% used [0x000000073c200000,0x000000073e2f2238,0x000000073e300000)
Event: 11.964 GC heap after
Heap after GC invocations=9 (full 0):
 PSYoungGen      total 401920K, used 9720K [0x00000007c0680000, 0x00000007d9980000, 0x0000000800000000)
  eden space 392192K, 0% used [0x00000007c0680000,0x00000007c0680000,0x00000007d8580000)
  from space 9728K, 99% used [0x00000007d8580000,0x00000007d8efe2e8,0x00000007d8f00000)
  to   space 8704K, 0% used [0x00000007d8f00000,0x00000007d8f00000,0x00000007d9780000)
 ParOldGen       total 130048K, used 30275K [0x0000000741400000, 0x0000000749300000, 0x00000007c0680000)
  object space 130048K, 23% used [0x0000000741400000,0x0000000743190db0,0x0000000749300000)
 PSPermGen       total 33792K, used 33736K [0x000000073c200000, 0x000000073e300000, 0x0000000741400000)
  object space 33792K, 99% used [0x000000073c200000,0x000000073e2f2238,0x000000073e300000)
}
Event: 13.850 GC heap before
{Heap before GC invocations=10 (full 0):
 PSYoungGen      total 401920K, used 401912K [0x00000007c0680000, 0x00000007d9980000, 0x0000000800000000)
  eden space 392192K, 100% used [0x00000007c0680000,0x00000007d8580000,0x00000007d8580000)
  from space 9728K, 99% used [0x00000007d8580000,0x00000007d8efe2e8,0x00000007d8f00000)
  to   space 8704K, 0% used [0x00000007d8f00000,0x00000007d8f00000,0x00000007d9780000)
 ParOldGen       total 130048K, used 30275K [0x0000000741400000, 0x0000000749300000, 0x00000007c0680000)
  object space 130048K, 23% used [0x0000000741400000,0x0000000743190db0,0x0000000749300000)
 PSPermGen       total 40448K, used 40271K [0x000000073c200000, 0x000000073e980000, 0x0000000741400000)
  object space 40448K, 99% used [0x000000073c200000,0x000000073e953db8,0x000000073e980000)
Event: 13.869 GC heap after
Heap after GC invocations=10 (full 0):
 PSYoungGen      total 400896K, used 8704K [0x00000007c0680000, 0x00000007d9980000, 0x0000000800000000)
  eden space 392192K, 0% used [0x00000007c0680000,0x00000007c0680000,0x00000007d8580000)
  from space 8704K, 100% used [0x00000007d8f00000,0x00000007d9780000,0x00000007d9780000)
  to   space 9728K, 0% used [0x00000007d8580000,0x00000007d8580000,0x00000007d8f00000)
 ParOldGen       total 130048K, used 43357K [0x0000000741400000, 0x0000000749300000, 0x00000007c0680000)
  object space 130048K, 33% used [0x0000000741400000,0x0000000743e57700,0x0000000749300000)
 PSPermGen       total 40448K, used 40271K [0x000000073c200000, 0x000000073e980000, 0x0000000741400000)
  object space 40448K, 99% used [0x000000073c200000,0x000000073e953db8,0x000000073e980000)
}
Event: 15.697 GC heap before
{Heap before GC invocations=11 (full 0):
 PSYoungGen      total 400896K, used 400896K [0x00000007c0680000, 0x00000007d9980000, 0x0000000800000000)
  eden space 392192K, 100% used [0x00000007c0680000,0x00000007d8580000,0x00000007d8580000)
  from space 8704K, 100% used [0x00000007d8f00000,0x00000007d9780000,0x00000007d9780000)
  to   space 9728K, 0% used [0x00000007d8580000,0x00000007d8580000,0x00000007d8f00000)
 ParOldGen       total 130048K, used 43357K [0x0000000741400000, 0x0000000749300000, 0x00000007c0680000)
  object space 130048K, 33% used [0x0000000741400000,0x0000000743e57700,0x0000000749300000)
 PSPermGen       total 47616K, used 47512K [0x000000073c200000, 0x000000073f080000, 0x0000000741400000)
  object space 47616K, 99% used [0x000000073c200000,0x000000073f0662d8,0x000000073f080000)
Event: 15.726 GC heap after
Heap after GC invocations=11 (full 0):
 PSYoungGen      total 401920K, used 9720K [0x00000007c0680000, 0x00000007d9980000, 0x0000000800000000)
  eden space 392192K, 0% used [0x00000007c0680000,0x00000007c0680000,0x00000007d8580000)
  from space 9728K, 99% used [0x00000007d8580000,0x00000007d8efe350,0x00000007d8f00000)
  to   space 8704K, 0% used [0x00000007d8f00000,0x00000007d8f00000,0x00000007d9780000)
 ParOldGen       total 130048K, used 58015K [0x0000000741400000, 0x0000000749300000, 0x00000007c0680000)
  object space 130048K, 44% used [0x0000000741400000,0x0000000744ca7d78,0x0000000749300000)
 PSPermGen       total 47616K, used 47512K [0x000000073c200000, 0x000000073f080000, 0x0000000741400000)
  object space 47616K, 99% used [0x000000073c200000,0x000000073f0662d8,0x000000073f080000)
}
Event: 16.674 GC heap before
{Heap before GC invocations=12 (full 0):
 PSYoungGen      total 401920K, used 401912K [0x00000007c0680000, 0x00000007d9980000, 0x0000000800000000)
  eden space 392192K, 100% used [0x00000007c0680000,0x00000007d8580000,0x00000007d8580000)
  from space 9728K, 99% used [0x00000007d8580000,0x00000007d8efe350,0x00000007d8f00000)
  to   space 8704K, 0% used [0x00000007d8f00000,0x00000007d8f00000,0x00000007d9780000)
 ParOldGen       total 130048K, used 58015K [0x0000000741400000, 0x0000000749300000, 0x00000007c0680000)
  object space 130048K, 44% used [0x0000000741400000,0x0000000744ca7d78,0x0000000749300000)
 PSPermGen       total 48128K, used 48106K [0x000000073c200000, 0x000000073f100000, 0x0000000741400000)
  object space 48128K, 99% used [0x000000073c200000,0x000000073f0fa900,0x000000073f100000)
Event: 16.686 GC heap after
Heap after GC invocations=12 (full 0):
 PSYoungGen      total 400896K, used 6192K [0x00000007c0680000, 0x00000007d9980000, 0x0000000800000000)
  eden space 392192K, 0% used [0x00000007c0680000,0x00000007c0680000,0x00000007d8580000)
  from space 8704K, 71% used [0x00000007d8f00000,0x00000007d950c020,0x00000007d9780000)
  to   space 9728K, 0% used [0x00000007d8580000,0x00000007d8580000,0x00000007d8f00000)
 ParOldGen       total 130048K, used 67549K [0x0000000741400000, 0x0000000749300000, 0x00000007c0680000)
  object space 130048K, 51% used [0x0000000741400000,0x00000007455f7660,0x0000000749300000)
 PSPermGen       total 48128K, used 48106K [0x000000073c200000, 0x000000073f100000, 0x0000000741400000)
  object space 48128K, 99% used [0x000000073c200000,0x000000073f0fa900,0x000000073f100000)
}

