# JRE version: Java(TM) SE Runtime Environment (7.0_80-b15) (build 1.7.0_80-b15)
# Java VM: Java HotSpot(TM) 64-Bit Server VM (24.80-b11 mixed mode windows-amd64 compressed oops)
Heap
 PSYoungGen      total 204800K, used 204784K [0x00000007c0680000, 0x00000007cd680000, 0x0000000800000000)
  eden space 196608K, 100% used [0x00000007c0680000,0x00000007cc680000,0x00000007cc680000)
  from space 8192K, 99% used [0x00000007cce80000,0x00000007cd67c040,0x00000007cd680000)
  to   space 8192K, 0% used [0x00000007cc680000,0x00000007cc680000,0x00000007cce80000)
 ParOldGen       total 130048K, used 21363K [0x0000000741400000, 0x0000000749300000, 0x00000007c0680000)
  object space 130048K, 16% used [0x0000000741400000,0x00000007428dcf48,0x0000000749300000)
 PSPermGen       total 33280K, used 33061K [0x000000073c200000, 0x000000073e280000, 0x0000000741400000)
  object space 33280K, 99% used [0x000000073c200000,0x000000073e249450,0x000000073e280000)
GC Heap History (10 events):
Event: 6.437 GC heap before
{Heap before GC invocations=6 (full 0):
 PSYoungGen      total 204800K, used 204489K [0x00000007c0680000, 0x00000007cd680000, 0x0000000800000000)
  eden space 196608K, 100% used [0x00000007c0680000,0x00000007cc680000,0x00000007cc680000)
  from space 8192K, 96% used [0x00000007cc680000,0x00000007cce326e8,0x00000007cce80000)
  to   space 8192K, 0% used [0x00000007cce80000,0x00000007cce80000,0x00000007cd680000)
 ParOldGen       total 130048K, used 104K [0x0000000741400000, 0x0000000749300000, 0x00000007c0680000)
  object space 130048K, 0% used [0x0000000741400000,0x000000074141a010,0x0000000749300000)
 PSPermGen       total 21504K, used 15520K [0x000000073c200000, 0x000000073d700000, 0x0000000741400000)
  object space 21504K, 72% used [0x000000073c200000,0x000000073d128320,0x000000073d700000)
Event: 6.445 GC heap after
Heap after GC invocations=6 (full 0):
 PSYoungGen      total 204800K, used 7570K [0x00000007c0680000, 0x00000007cd680000, 0x0000000800000000)
  eden space 196608K, 0% used [0x00000007c0680000,0x00000007c0680000,0x00000007cc680000)
  from space 8192K, 92% used [0x00000007cce80000,0x00000007cd5e4b28,0x00000007cd680000)
  to   space 8192K, 0% used [0x00000007cc680000,0x00000007cc680000,0x00000007cce80000)
 ParOldGen       total 130048K, used 112K [0x0000000741400000, 0x0000000749300000, 0x00000007c0680000)
  object space 130048K, 0% used [0x0000000741400000,0x000000074141c010,0x0000000749300000)
 PSPermGen       total 21504K, used 15520K [0x000000073c200000, 0x000000073d700000, 0x0000000741400000)
  object space 21504K, 72% used [0x000000073c200000,0x000000073d128320,0x000000073d700000)
}
Event: 7.217 GC heap before
{Heap before GC invocations=7 (full 0):
 PSYoungGen      total 204800K, used 204178K [0x00000007c0680000, 0x00000007cd680000, 0x0000000800000000)
  eden space 196608K, 100% used [0x00000007c0680000,0x00000007cc680000,0x00000007cc680000)
  from space 8192K, 92% used [0x00000007cce80000,0x00000007cd5e4b28,0x00000007cd680000)
  to   space 8192K, 0% used [0x00000007cc680000,0x00000007cc680000,0x00000007cce80000)
 ParOldGen       total 130048K, used 112K [0x0000000741400000, 0x0000000749300000, 0x00000007c0680000)
  object space 130048K, 0% used [0x0000000741400000,0x000000074141c010,0x0000000749300000)
 PSPermGen       total 21504K, used 19360K [0x000000073c200000, 0x000000073d700000, 0x0000000741400000)
  object space 21504K, 90% used [0x000000073c200000,0x000000073d4e8140,0x000000073d700000)
Event: 7.226 GC heap after
Heap after GC invocations=7 (full 0):
 PSYoungGen      total 204800K, used 7920K [0x00000007c0680000, 0x00000007cd680000, 0x0000000800000000)
  eden space 196608K, 0% used [0x00000007c0680000,0x00000007c0680000,0x00000007cc680000)
  from space 8192K, 96% used [0x00000007cc680000,0x00000007cce3c218,0x00000007cce80000)
  to   space 8192K, 0% used [0x00000007cce80000,0x00000007cce80000,0x00000007cd680000)
 ParOldGen       total 130048K, used 2035K [0x0000000741400000, 0x0000000749300000, 0x00000007c0680000)
  object space 130048K, 1% used [0x0000000741400000,0x00000007415fcd28,0x0000000749300000)
 PSPermGen       total 21504K, used 19360K [0x000000073c200000, 0x000000073d700000, 0x0000000741400000)
  object space 21504K, 90% used [0x000000073c200000,0x000000073d4e8140,0x000000073d700000)
}
Event: 8.681 GC heap before
{Heap before GC invocations=8 (full 0):
 PSYoungGen      total 204800K, used 204528K [0x00000007c0680000, 0x00000007cd680000, 0x0000000800000000)
  eden space 196608K, 100% used [0x00000007c0680000,0x00000007cc680000,0x00000007cc680000)
  from space 8192K, 96% used [0x00000007cc680000,0x00000007cce3c218,0x00000007cce80000)
  to   space 8192K, 0% used [0x00000007cce80000,0x00000007cce80000,0x00000007cd680000)
 ParOldGen       total 130048K, used 2035K [0x0000000741400000, 0x0000000749300000, 0x00000007c0680000)
  object space 130048K, 1% used [0x0000000741400000,0x00000007415fcd28,0x0000000749300000)
 PSPermGen       total 26624K, used 26255K [0x000000073c200000, 0x000000073dc00000, 0x0000000741400000)
  object space 26624K, 98% used [0x000000073c200000,0x000000073dba3ff8,0x000000073dc00000)
Event: 8.691 GC heap after
Heap after GC invocations=8 (full 0):
 PSYoungGen      total 204800K, used 8184K [0x00000007c0680000, 0x00000007cd680000, 0x0000000800000000)
  eden space 196608K, 0% used [0x00000007c0680000,0x00000007c0680000,0x00000007cc680000)
  from space 8192K, 99% used [0x00000007cce80000,0x00000007cd67e308,0x00000007cd680000)
  to   space 8192K, 0% used [0x00000007cc680000,0x00000007cc680000,0x00000007cce80000)
 ParOldGen       total 130048K, used 7066K [0x0000000741400000, 0x0000000749300000, 0x00000007c0680000)
  object space 130048K, 5% used [0x0000000741400000,0x0000000741ae6bf0,0x0000000749300000)
 PSPermGen       total 26624K, used 26255K [0x000000073c200000, 0x000000073dc00000, 0x0000000741400000)
  object space 26624K, 98% used [0x000000073c200000,0x000000073dba3ff8,0x000000073dc00000)
}
Event: 9.972 GC heap before
{Heap before GC invocations=9 (full 0):
 PSYoungGen      total 204800K, used 204792K [0x00000007c0680000, 0x00000007cd680000, 0x0000000800000000)
  eden space 196608K, 100% used [0x00000007c0680000,0x00000007cc680000,0x00000007cc680000)
  from space 8192K, 99% used [0x00000007cce80000,0x00000007cd67e308,0x00000007cd680000)
  to   space 8192K, 0% used [0x00000007cc680000,0x00000007cc680000,0x00000007cce80000)
 ParOldGen       total 130048K, used 7066K [0x0000000741400000, 0x0000000749300000, 0x00000007c0680000)
  object space 130048K, 5% used [0x0000000741400000,0x0000000741ae6bf0,0x0000000749300000)
 PSPermGen       total 31232K, used 30801K [0x000000073c200000, 0x000000073e080000, 0x0000000741400000)
  object space 31232K, 98% used [0x000000073c200000,0x000000073e014488,0x000000073e080000)
Event: 9.987 GC heap after
Heap after GC invocations=9 (full 0):
 PSYoungGen      total 204800K, used 8172K [0x00000007c0680000, 0x00000007cd680000, 0x0000000800000000)
  eden space 196608K, 0% used [0x00000007c0680000,0x00000007c0680000,0x00000007cc680000)
  from space 8192K, 99% used [0x00000007cc680000,0x00000007cce7b2f8,0x00000007cce80000)
  to   space 8192K, 0% used [0x00000007cce80000,0x00000007cce80000,0x00000007cd680000)
 ParOldGen       total 130048K, used 15599K [0x0000000741400000, 0x0000000749300000, 0x00000007c0680000)
  object space 130048K, 11% used [0x0000000741400000,0x000000074233bd20,0x0000000749300000)
 PSPermGen       total 31232K, used 30801K [0x000000073c200000, 0x000000073e080000, 0x0000000741400000)
  object space 31232K, 98% used [0x000000073c200000,0x000000073e014488,0x000000073e080000)
}
Event: 10.920 GC heap before
{Heap before GC invocations=10 (full 0):
 PSYoungGen      total 204800K, used 204780K [0x00000007c0680000, 0x00000007cd680000, 0x0000000800000000)
  eden space 196608K, 100% used [0x00000007c0680000,0x00000007cc680000,0x00000007cc680000)
  from space 8192K, 99% used [0x00000007cc680000,0x00000007cce7b2f8,0x00000007cce80000)
  to   space 8192K, 0% used [0x00000007cce80000,0x00000007cce80000,0x00000007cd680000)
 ParOldGen       total 130048K, used 15599K [0x0000000741400000, 0x0000000749300000, 0x00000007c0680000)
  object space 130048K, 11% used [0x0000000741400000,0x000000074233bd20,0x0000000749300000)
 PSPermGen       total 32768K, used 32262K [0x000000073c200000, 0x000000073e200000, 0x0000000741400000)
  object space 32768K, 98% used [0x000000073c200000,0x000000073e181828,0x000000073e200000)
Event: 10.930 GC heap after
Heap after GC invocations=10 (full 0):
 PSYoungGen      total 204800K, used 8176K [0x00000007c0680000, 0x00000007cd680000, 0x0000000800000000)
  eden space 196608K, 0% used [0x00000007c0680000,0x00000007c0680000,0x00000007cc680000)
  from space 8192K, 99% used [0x00000007cce80000,0x00000007cd67c040,0x00000007cd680000)
  to   space 8192K, 0% used [0x00000007cc680000,0x00000007cc680000,0x00000007cce80000)
 ParOldGen       total 130048K, used 21363K [0x0000000741400000, 0x0000000749300000, 0x00000007c0680000)
  object space 130048K, 16% used [0x0000000741400000,0x00000007428dcf48,0x0000000749300000)
 PSPermGen       total 32768K, used 32262K [0x000000073c200000, 0x000000073e200000, 0x0000000741400000)
  object space 32768K, 98% used [0x000000073c200000,0x000000073e181828,0x000000073e200000)
}

